<?xml version="1.0" encoding="UTF-8"?>
<!-- Generated by org.testng.reporters.JUnitReportReporter -->
<testsuite hostname="LAPTOP-UQQABM88" failures="0" tests="1" name="eligibilityChecker_TestCases.TC001_EChecker" time="7.736" errors="0" timestamp="2021-06-24T13:59:37 BST" skipped="0">
  <testcase classname="eligibilityChecker_TestCases.TC001_EChecker" name="EChecker" time="7.736"/>
  <system-out/>
</testsuite> <!-- eligibilityChecker_TestCases.TC001_EChecker -->
